2010-05-17 16:11:57 Notice: Notice (8): Undefined index: CustomerType in [/var/www/gestionvilar/app/views/customers/view.ctp, line 120]
2010-05-17 16:21:25 Notice: Notice (8): Undefined index: CustomerType in [/var/www/gestionvilar/app/views/customers/view.ctp, line 108]
2010-05-17 16:22:10 Notice: Notice (8): Undefined index: city in [/var/www/gestionvilar/app/views/customers/view.ctp, line 24]
2010-05-17 16:22:10 Notice: Notice (8): Undefined index: address in [/var/www/gestionvilar/app/views/customers/view.ctp, line 26]
2010-05-17 16:22:10 Notice: Notice (8): Undefined index: number in [/var/www/gestionvilar/app/views/customers/view.ctp, line 28]
2010-05-17 16:22:10 Notice: Notice (8): Undefined index: floor in [/var/www/gestionvilar/app/views/customers/view.ctp, line 30]
2010-05-17 16:22:10 Notice: Notice (8): Undefined index: apartment in [/var/www/gestionvilar/app/views/customers/view.ctp, line 32]
2010-05-17 16:22:10 Notice: Notice (8): Undefined index: postal_code in [/var/www/gestionvilar/app/views/customers/view.ctp, line 34]
2010-05-17 16:22:10 Notice: Notice (8): Undefined index: city_id in [/var/www/gestionvilar/app/views/customers/view.ctp, line 69]
2010-05-17 16:22:10 Notice: Notice (8): Uninitialized string offset: 0 in [/var/www/gestionvilar/app/views/customers/view.ctp, line 137]
2010-05-17 16:22:10 Notice: Notice (8): Uninitialized string offset: 0 in [/var/www/gestionvilar/app/views/customers/view.ctp, line 138]
2010-05-17 16:22:10 Notice: Notice (8): Uninitialized string offset: 0 in [/var/www/gestionvilar/app/views/customers/view.ctp, line 139]
2010-05-17 16:22:10 Notice: Notice (8): Uninitialized string offset: 0 in [/var/www/gestionvilar/app/views/customers/view.ctp, line 140]
2010-05-17 16:22:10 Notice: Notice (8): Uninitialized string offset: 0 in [/var/www/gestionvilar/app/views/customers/view.ctp, line 141]
2010-05-17 16:22:10 Notice: Notice (8): Uninitialized string offset: 0 in [/var/www/gestionvilar/app/views/customers/view.ctp, line 143]
2010-05-17 16:22:10 Notice: Notice (8): Uninitialized string offset: 0 in [/var/www/gestionvilar/app/views/customers/view.ctp, line 144]
2010-05-17 16:22:10 Notice: Notice (8): Uninitialized string offset: 0 in [/var/www/gestionvilar/app/views/customers/view.ctp, line 145]
2010-05-17 16:22:19 Notice: Notice (8): Undefined index: city in [/var/www/gestionvilar/app/views/customers/view.ctp, line 24]
2010-05-17 16:22:19 Notice: Notice (8): Undefined index: address in [/var/www/gestionvilar/app/views/customers/view.ctp, line 26]
2010-05-17 16:22:19 Notice: Notice (8): Undefined index: number in [/var/www/gestionvilar/app/views/customers/view.ctp, line 28]
2010-05-17 16:22:19 Notice: Notice (8): Undefined index: floor in [/var/www/gestionvilar/app/views/customers/view.ctp, line 30]
2010-05-17 16:22:19 Notice: Notice (8): Undefined index: apartment in [/var/www/gestionvilar/app/views/customers/view.ctp, line 32]
2010-05-17 16:22:19 Notice: Notice (8): Undefined index: postal_code in [/var/www/gestionvilar/app/views/customers/view.ctp, line 34]
2010-05-17 16:22:19 Notice: Notice (8): Undefined index: city_id in [/var/www/gestionvilar/app/views/customers/view.ctp, line 69]
2010-05-17 16:24:27 Notice: Notice (8): Undefined index: city_id in [/var/www/gestionvilar/app/views/customers/view.ctp, line 78]
2010-05-17 16:25:04 Notice: Notice (8): Undefined index: city_id in [/var/www/gestionvilar/app/views/customers/view.ctp, line 79]
2010-05-17 16:25:17 Notice: Notice (8): Undefined index: city_id in [/var/www/gestionvilar/app/views/customers/view.ctp, line 79]
2010-05-17 16:25:35 Notice: Notice (8): Undefined index: city_id in [/var/www/gestionvilar/app/views/customers/view.ctp, line 79]
2010-05-17 16:25:44 Notice: Notice (8): Undefined index: city_id in [/var/www/gestionvilar/app/views/customers/view.ctp, line 79]
2010-05-17 16:37:21 Notice: Notice (8): Undefined index: first_name in [/var/www/gestionvilar/app/views/customers/view.ctp, line 18]
2010-05-17 16:37:21 Notice: Notice (8): Undefined index: surname in [/var/www/gestionvilar/app/views/customers/view.ctp, line 23]
2010-05-17 16:37:21 Notice: Notice (8): Undefined index: MaritalStatus in [/var/www/gestionvilar/app/views/customers/view.ctp, line 28]
2010-05-17 16:37:21 Notice: Notice (8): Undefined index: nuptials in [/var/www/gestionvilar/app/views/customers/view.ctp, line 33]
2010-05-17 16:38:38 Notice: Notice (8): Undefined index: first_name in [/var/www/gestionvilar/app/views/customers/view.ctp, line 18]
2010-05-17 16:38:38 Notice: Notice (8): Undefined index: surname in [/var/www/gestionvilar/app/views/customers/view.ctp, line 23]
2010-05-17 16:38:38 Notice: Notice (8): Undefined index: MaritalStatus in [/var/www/gestionvilar/app/views/customers/view.ctp, line 28]
2010-05-17 16:38:38 Notice: Notice (8): Undefined index: nuptials in [/var/www/gestionvilar/app/views/customers/view.ctp, line 33]
2010-05-17 16:38:45 Notice: Notice (8): Undefined index: first_name in [/var/www/gestionvilar/app/views/customers/view.ctp, line 18]
2010-05-17 16:38:45 Notice: Notice (8): Undefined index: surname in [/var/www/gestionvilar/app/views/customers/view.ctp, line 23]
2010-05-17 16:38:45 Notice: Notice (8): Undefined index: MaritalStatus in [/var/www/gestionvilar/app/views/customers/view.ctp, line 28]
2010-05-17 16:38:45 Notice: Notice (8): Undefined index: nuptials in [/var/www/gestionvilar/app/views/customers/view.ctp, line 33]
2010-05-17 16:39:33 Notice: Notice (8): Undefined index: first_name in [/var/www/gestionvilar/app/views/customers/view.ctp, line 18]
2010-05-17 16:39:33 Notice: Notice (8): Undefined index: surname in [/var/www/gestionvilar/app/views/customers/view.ctp, line 23]
2010-05-17 16:39:33 Notice: Notice (8): Undefined index: MaritalStatus in [/var/www/gestionvilar/app/views/customers/view.ctp, line 28]
2010-05-17 16:39:33 Notice: Notice (8): Undefined index: nuptials in [/var/www/gestionvilar/app/views/customers/view.ctp, line 33]
2010-05-17 23:44:01 Notice: Notice (8): Undefined index: first_name in [/var/www/gestionvilar/app/views/customers/view.ctp, line 18]
2010-05-17 23:44:01 Notice: Notice (8): Undefined index: surname in [/var/www/gestionvilar/app/views/customers/view.ctp, line 23]
2010-05-17 23:44:01 Notice: Notice (8): Undefined index: MaritalStatus in [/var/www/gestionvilar/app/views/customers/view.ctp, line 28]
2010-05-17 23:44:01 Notice: Notice (8): Undefined index: nuptials in [/var/www/gestionvilar/app/views/customers/view.ctp, line 33]
2010-05-17 23:44:27 Notice: Notice (8): Undefined index: first_name in [/var/www/gestionvilar/app/views/customers/view.ctp, line 20]
2010-05-17 23:44:27 Notice: Notice (8): Undefined index: surname in [/var/www/gestionvilar/app/views/customers/view.ctp, line 25]
2010-05-17 23:44:27 Notice: Notice (8): Undefined index: MaritalStatus in [/var/www/gestionvilar/app/views/customers/view.ctp, line 30]
2010-05-17 23:44:27 Notice: Notice (8): Undefined index: nuptials in [/var/www/gestionvilar/app/views/customers/view.ctp, line 35]
2010-05-17 23:45:03 Notice: Notice (8): Undefined index: MaritalStatus in [/var/www/gestionvilar/app/views/customers/view.ctp, line 30]
2010-05-17 23:45:03 Notice: Notice (8): Undefined index: inscription_entity in [/var/www/gestionvilar/app/views/customers/view.ctp, line 40]
2010-05-17 23:45:03 Notice: Notice (8): Undefined index: inscription_number in [/var/www/gestionvilar/app/views/customers/view.ctp, line 45]
2010-05-17 23:45:03 Notice: Notice (8): Undefined index: inscription_date in [/var/www/gestionvilar/app/views/customers/view.ctp, line 50]
2010-05-17 23:57:54 Notice: Notice (8): Undefined index: CustomerLegal  in [/var/www/gestionvilar/app/views/customers/view.ctp, line 56]
2010-05-17 23:58:26 Notice: Notice (8): Undefined index: CustomerLegal  in [/var/www/gestionvilar/app/views/customers/view.ctp, line 57]
2010-05-17 23:58:53 Notice: Notice (8): Undefined index: CustomerLegal  in [/var/www/gestionvilar/app/views/customers/view.ctp, line 57]
2010-05-18 00:02:34 Notice: Notice (8): Undefined index: IdentificationType in [/var/www/gestionvilar/app/views/customers/view.ctp, line 64]
2010-05-18 00:03:01 Notice: Notice (8): Undefined index: IdentificationType in [/var/www/gestionvilar/app/views/customers/view.ctp, line 64]
2010-05-18 00:03:26 Notice: Notice (8): Undefined index: IdentificationType in [/var/www/gestionvilar/app/views/customers/view.ctp, line 64]
2010-05-18 00:03:58 Notice: Notice (8): Undefined index: idenfication_type_id in [/var/www/gestionvilar/app/views/customers/view.ctp, line 155]
2010-05-18 00:03:58 Notice: Notice (8): Undefined index: number in [/var/www/gestionvilar/app/views/customers/view.ctp, line 156]
2010-05-18 00:03:58 Notice: Notice (8): Undefined index: authority_name in [/var/www/gestionvilar/app/views/customers/view.ctp, line 157]
2010-05-18 00:03:58 Notice: Notice (8): Undefined index: customer_id in [/var/www/gestionvilar/app/views/customers/view.ctp, line 158]
2010-05-18 00:04:59 Notice: Notice (8): Undefined index: idenfication_type_id in [/var/www/gestionvilar/app/views/customers/view.ctp, line 160]
2010-05-18 00:04:59 Notice: Notice (8): Undefined index: number in [/var/www/gestionvilar/app/views/customers/view.ctp, line 161]
2010-05-18 00:04:59 Notice: Notice (8): Undefined index: authority_name in [/var/www/gestionvilar/app/views/customers/view.ctp, line 162]
2010-05-18 00:04:59 Notice: Notice (8): Undefined index: customer_id in [/var/www/gestionvilar/app/views/customers/view.ctp, line 163]
2010-05-18 00:41:28 Notice: Notice (8): Undefined variable: customer in [/var/www/gestionvilar/app/views/representatives/add.ctp, line 2]
2010-05-18 01:14:52 Notice: Notice (8): Undefined index: MaritalStatus in [/var/www/gestionvilar/app/views/customers/view.ctp, line 46]
2010-05-18 01:14:52 Notice: Notice (8): Undefined index: IdentificationType in [/var/www/gestionvilar/app/views/customers/view.ctp, line 100]
2010-05-18 01:15:58 Notice: Notice (8): Undefined index: MaritalStatus in [/var/www/gestionvilar/app/views/customers/view.ctp, line 46]
2010-05-18 01:15:58 Notice: Notice (8): Undefined index: IdentificationType in [/var/www/gestionvilar/app/views/customers/view.ctp, line 102]
2010-05-18 01:16:43 Notice: Notice (8): Undefined index: MaritalStatus in [/var/www/gestionvilar/app/views/customers/view.ctp, line 46]
2010-05-18 01:16:43 Notice: Notice (8): Undefined index: IdentificationType in [/var/www/gestionvilar/app/views/customers/view.ctp, line 102]
2010-05-18 01:16:49 Notice: Notice (8): Undefined index: MaritalStatus in [/var/www/gestionvilar/app/views/customers/view.ctp, line 46]
2010-05-18 01:16:49 Notice: Notice (8): Undefined index: IdentificationType in [/var/www/gestionvilar/app/views/customers/view.ctp, line 102]
2010-05-18 01:19:03 Notice: Notice (8): Undefined index: IdentificationType in [/var/www/gestionvilar/app/views/customers/view.ctp, line 104]
2010-05-18 01:19:14 Notice: Notice (8): Undefined index: CustomerNatural in [/var/www/gestionvilar/app/controllers/spouses_controller.php, line 26]
2010-05-18 01:43:42 Notice: Notice (8): Undefined index: IdentificationType in [/var/www/gestionvilar/app/views/customers/view.ctp, line 104]
2010-05-18 01:44:52 Notice: Notice (8): Undefined index: IdentificationType in [/var/www/gestionvilar/app/views/customers/view.ctp, line 104]
2010-05-18 01:46:09 Notice: Notice (8): Undefined index: IdentificationType in [/var/www/gestionvilar/app/views/customers/view.ctp, line 104]
2010-05-18 01:46:22 Notice: Notice (8): Undefined index: CustomerNatural in [/var/www/gestionvilar/app/controllers/spouses_controller.php, line 26]
2010-05-18 01:46:23 Notice: Notice (8): Undefined index: CustomerNatural in [/var/www/gestionvilar/app/controllers/spouses_controller.php, line 26]
2010-05-18 01:47:50 Notice: Notice (8): Undefined index: IdentificationType in [/var/www/gestionvilar/app/views/customers/view.ctp, line 104]
2010-05-18 01:51:48 Notice: Notice (8): Undefined index: IdentificationType in [/var/www/gestionvilar/app/views/customers/view.ctp, line 104]
2010-05-18 01:53:33 Notice: Notice (8): Undefined index: IdentificationType in [/var/www/gestionvilar/app/views/customers/view.ctp, line 104]
